<?xml version="1.0" encoding="UTF-8"?>
<!-- Generated by org.testng.reporters.JUnitReportReporter -->
<testsuite hostname="DESKTOP-8U6D3I4" failures="0" tests="1" name="TestCses.Tc2test" time="0.002" errors="0" timestamp="2023-01-05T01:19:39 PST" skipped="0">
  <testcase classname="TestCses.Tc2test" name="m2" time="0.002"/>
  <system-out>
    <![CDATA[Tc2.running]]>
  </system-out>
</testsuite> <!-- TestCses.Tc2test -->
